Vivado Simulator v2021.2
Copyright 1986-1999, 2001-2021 Xilinx, Inc. All Rights Reserved.
Running: C:/Vivado/2021.2/bin/unwrapped/win64.o/xelab.exe --incr --debug typical --relax --mt 2 -L xil_defaultlib -L unisims_ver -L unimacro_ver -L secureip --snapshot tb_TOP_behav xil_defaultlib.tb_TOP xil_defaultlib.glbl -log elaborate.log 
Using 2 slave threads.
Starting static elaboration
Pass Through NonSizing Optimizer
Completed static elaboration
Starting simulation data flow analysis
Completed simulation data flow analysis
Time Resolution for simulation is 1ps
Compiling module xil_defaultlib.Sbox
Compiling module xil_defaultlib.MPrime
Compiling module xil_defaultlib.M
Compiling module xil_defaultlib.InvSbox
Compiling module xil_defaultlib.Minv
Compiling module xil_defaultlib.PrinceCore
Compiling module xil_defaultlib.Encrypt
Compiling module xil_defaultlib.Decrypt
Compiling module xil_defaultlib.TOP
Compiling module xil_defaultlib.tb_TOP
Compiling module xil_defaultlib.glbl
Built simulation snapshot tb_TOP_behav
