
*** Running vivado
    with args -log TOP.vds -m64 -product Vivado -mode batch -messageDb vivado.pb -notrace -source TOP.tcl



****** Vivado v2021.2 (64-bit)
  **** SW Build 3367213 on Tue Oct 19 02:48:09 MDT 2021
  **** IP Build 3369179 on Thu Oct 21 08:25:16 MDT 2021
    ** Copyright 1986-2021 Xilinx, Inc. All Rights Reserved.

source TOP.tcl -notrace
Command: read_checkpoint -auto_incremental -incremental C:/Users/CSUFTitan/Downloads/PRINCE/PRINCE.srcs/utils_1/imports/synth_1/TOP.dcp
INFO: [Vivado 12-5825] Read reference checkpoint from C:/Users/CSUFTitan/Downloads/PRINCE/PRINCE.srcs/utils_1/imports/synth_1/TOP.dcp for incremental synthesis
INFO: [Vivado 12-7989] Please ensure there are no constraint changes
Command: synth_design -top TOP -part xc7a200tsbg484-1
Starting synth_design
Attempting to get a license for feature 'Synthesis' and/or device 'xc7a200t'
INFO: [Common 17-349] Got license for feature 'Synthesis' and/or device 'xc7a200t'
WARNING: [Designutils 20-4072] Reference run did not run incremental synthesis because the design is too small; reverting to default synthesis
INFO: [Designutils 20-4379] Flow is switching to default flow due to incremental criteria not met. If you would like to alter this behaviour and have the flow terminate instead, please set the following parameter config_implementation {autoIncr.Synth.RejectBehavior Terminate}
INFO: [Synth 8-7079] Multithreading enabled for synth_design using a maximum of 2 processes.
INFO: [Synth 8-7078] Launching helper process for spawning children vivado processes
INFO: [Synth 8-7075] Helper process launched with PID 13200
---------------------------------------------------------------------------------
Starting Synthesize : Time (s): cpu = 00:00:08 ; elapsed = 00:00:10 . Memory (MB): peak = 1248.930 ; gain = 0.000
---------------------------------------------------------------------------------
INFO: [Synth 8-6157] synthesizing module 'TOP' [C:/Users/CSUFTitan/Downloads/PRINCE/PRINCE.srcs/sources_1/new/TOP.v:23]
INFO: [Synth 8-6157] synthesizing module 'Encrypt' [C:/Users/CSUFTitan/Downloads/PRINCE/PRINCE.srcs/sources_1/new/Encrypt.v:23]
INFO: [Synth 8-6157] synthesizing module 'PrinceCore' [C:/Users/CSUFTitan/Downloads/PRINCE/PRINCE.srcs/sources_1/new/PrinceCore.v:23]
INFO: [Synth 8-6157] synthesizing module 'Sbox' [C:/Users/CSUFTitan/Downloads/PRINCE/PRINCE.srcs/sources_1/new/Sbox.v:23]
INFO: [Synth 8-6155] done synthesizing module 'Sbox' (1#1) [C:/Users/CSUFTitan/Downloads/PRINCE/PRINCE.srcs/sources_1/new/Sbox.v:23]
INFO: [Synth 8-6157] synthesizing module 'M' [C:/Users/CSUFTitan/Downloads/PRINCE/PRINCE.srcs/sources_1/new/M.v:23]
INFO: [Synth 8-6157] synthesizing module 'MPrime' [C:/Users/CSUFTitan/Downloads/PRINCE/PRINCE.srcs/sources_1/new/MPrime.v:23]
INFO: [Synth 8-6155] done synthesizing module 'MPrime' (2#1) [C:/Users/CSUFTitan/Downloads/PRINCE/PRINCE.srcs/sources_1/new/MPrime.v:23]
INFO: [Synth 8-6155] done synthesizing module 'M' (3#1) [C:/Users/CSUFTitan/Downloads/PRINCE/PRINCE.srcs/sources_1/new/M.v:23]
INFO: [Synth 8-6157] synthesizing module 'InvSbox' [C:/Users/CSUFTitan/Downloads/PRINCE/PRINCE.srcs/sources_1/new/InvSbox.v:23]
INFO: [Synth 8-6155] done synthesizing module 'InvSbox' (4#1) [C:/Users/CSUFTitan/Downloads/PRINCE/PRINCE.srcs/sources_1/new/InvSbox.v:23]
INFO: [Synth 8-6157] synthesizing module 'Minv' [C:/Users/CSUFTitan/Downloads/PRINCE/PRINCE.srcs/sources_1/new/Minv.v:23]
INFO: [Synth 8-6155] done synthesizing module 'Minv' (5#1) [C:/Users/CSUFTitan/Downloads/PRINCE/PRINCE.srcs/sources_1/new/Minv.v:23]
INFO: [Synth 8-6155] done synthesizing module 'PrinceCore' (6#1) [C:/Users/CSUFTitan/Downloads/PRINCE/PRINCE.srcs/sources_1/new/PrinceCore.v:23]
INFO: [Synth 8-6155] done synthesizing module 'Encrypt' (7#1) [C:/Users/CSUFTitan/Downloads/PRINCE/PRINCE.srcs/sources_1/new/Encrypt.v:23]
INFO: [Synth 8-6157] synthesizing module 'Decrypt' [C:/Users/CSUFTitan/Downloads/PRINCE/PRINCE.srcs/sources_1/new/Decrypt.v:23]
INFO: [Synth 8-6155] done synthesizing module 'Decrypt' (8#1) [C:/Users/CSUFTitan/Downloads/PRINCE/PRINCE.srcs/sources_1/new/Decrypt.v:23]
INFO: [Synth 8-6155] done synthesizing module 'TOP' (9#1) [C:/Users/CSUFTitan/Downloads/PRINCE/PRINCE.srcs/sources_1/new/TOP.v:23]
---------------------------------------------------------------------------------
Finished Synthesize : Time (s): cpu = 00:00:09 ; elapsed = 00:00:11 . Memory (MB): peak = 1248.930 ; gain = 0.000
---------------------------------------------------------------------------------
---------------------------------------------------------------------------------
Finished Constraint Validation : Time (s): cpu = 00:00:10 ; elapsed = 00:00:12 . Memory (MB): peak = 1248.930 ; gain = 0.000
---------------------------------------------------------------------------------
---------------------------------------------------------------------------------
Start Loading Part and Timing Information
---------------------------------------------------------------------------------
Loading part: xc7a200tsbg484-1
---------------------------------------------------------------------------------
Finished Loading Part and Timing Information : Time (s): cpu = 00:00:10 ; elapsed = 00:00:12 . Memory (MB): peak = 1248.930 ; gain = 0.000
---------------------------------------------------------------------------------
INFO: [Device 21-403] Loading part xc7a200tsbg484-1
WARNING: [Synth 8-327] inferring latch for variable 'out_reg' [C:/Users/CSUFTitan/Downloads/PRINCE/PRINCE.srcs/sources_1/new/Sbox.v:29]
WARNING: [Synth 8-327] inferring latch for variable 'out_reg' [C:/Users/CSUFTitan/Downloads/PRINCE/PRINCE.srcs/sources_1/new/InvSbox.v:29]
WARNING: [Synth 8-327] inferring latch for variable 'out_reg' [C:/Users/CSUFTitan/Downloads/PRINCE/PRINCE.srcs/sources_1/new/PrinceCore.v:130]
WARNING: [Synth 8-327] inferring latch for variable 'temp_reg' [C:/Users/CSUFTitan/Downloads/PRINCE/PRINCE.srcs/sources_1/new/PrinceCore.v:90]
---------------------------------------------------------------------------------
Finished RTL Optimization Phase 2 : Time (s): cpu = 00:00:11 ; elapsed = 00:00:12 . Memory (MB): peak = 1248.930 ; gain = 0.000
---------------------------------------------------------------------------------
No constraint files found.
---------------------------------------------------------------------------------
Start RTL Component Statistics 
---------------------------------------------------------------------------------
Detailed RTL Component Info : 
+---Adders : 
	   2 Input    4 Bit       Adders := 2     
+---XORs : 
	   3 Input     64 Bit         XORs := 4     
	   2 Input     64 Bit         XORs := 13    
	   2 Input      1 Bit         XORs := 578   
+---Registers : 
	               64 Bit    Registers := 4     
	                4 Bit    Registers := 2     
+---Muxes : 
	   2 Input   64 Bit        Muxes := 9     
	  16 Input    4 Bit        Muxes := 96    
	   2 Input    4 Bit        Muxes := 162   
	   4 Input    4 Bit        Muxes := 32    
	   2 Input    1 Bit        Muxes := 10    
---------------------------------------------------------------------------------
Finished RTL Component Statistics 
---------------------------------------------------------------------------------
---------------------------------------------------------------------------------
Start Part Resource Summary
---------------------------------------------------------------------------------
Part Resources:
DSPs: 740 (col length:100)
BRAMs: 730 (col length: RAMB18 100 RAMB36 50)
---------------------------------------------------------------------------------
Finished Part Resource Summary
---------------------------------------------------------------------------------
No constraint files found.
---------------------------------------------------------------------------------
Start Cross Boundary and Area Optimization
---------------------------------------------------------------------------------
WARNING: [Synth 8-7080] Parallel synthesis criteria is not met
WARNING: [Synth 8-3332] Sequential element (temp_reg[63]) is unused and will be removed from module PrinceCore__1.
WARNING: [Synth 8-3332] Sequential element (temp_reg[62]) is unused and will be removed from module PrinceCore__1.
WARNING: [Synth 8-3332] Sequential element (temp_reg[61]) is unused and will be removed from module PrinceCore__1.
WARNING: [Synth 8-3332] Sequential element (temp_reg[60]) is unused and will be removed from module PrinceCore__1.
WARNING: [Synth 8-3332] Sequential element (temp_reg[59]) is unused and will be removed from module PrinceCore__1.
WARNING: [Synth 8-3332] Sequential element (temp_reg[58]) is unused and will be removed from module PrinceCore__1.
WARNING: [Synth 8-3332] Sequential element (temp_reg[57]) is unused and will be removed from module PrinceCore__1.
WARNING: [Synth 8-3332] Sequential element (temp_reg[56]) is unused and will be removed from module PrinceCore__1.
WARNING: [Synth 8-3332] Sequential element (temp_reg[55]) is unused and will be removed from module PrinceCore__1.
WARNING: [Synth 8-3332] Sequential element (temp_reg[54]) is unused and will be removed from module PrinceCore__1.
WARNING: [Synth 8-3332] Sequential element (temp_reg[53]) is unused and will be removed from module PrinceCore__1.
WARNING: [Synth 8-3332] Sequential element (temp_reg[52]) is unused and will be removed from module PrinceCore__1.
WARNING: [Synth 8-3332] Sequential element (temp_reg[51]) is unused and will be removed from module PrinceCore__1.
WARNING: [Synth 8-3332] Sequential element (temp_reg[50]) is unused and will be removed from module PrinceCore__1.
WARNING: [Synth 8-3332] Sequential element (temp_reg[49]) is unused and will be removed from module PrinceCore__1.
WARNING: [Synth 8-3332] Sequential element (temp_reg[48]) is unused and will be removed from module PrinceCore__1.
WARNING: [Synth 8-3332] Sequential element (temp_reg[47]) is unused and will be removed from module PrinceCore__1.
WARNING: [Synth 8-3332] Sequential element (temp_reg[46]) is unused and will be removed from module PrinceCore__1.
WARNING: [Synth 8-3332] Sequential element (temp_reg[45]) is unused and will be removed from module PrinceCore__1.
WARNING: [Synth 8-3332] Sequential element (temp_reg[44]) is unused and will be removed from module PrinceCore__1.
WARNING: [Synth 8-3332] Sequential element (temp_reg[43]) is unused and will be removed from module PrinceCore__1.
WARNING: [Synth 8-3332] Sequential element (temp_reg[42]) is unused and will be removed from module PrinceCore__1.
WARNING: [Synth 8-3332] Sequential element (temp_reg[41]) is unused and will be removed from module PrinceCore__1.
WARNING: [Synth 8-3332] Sequential element (temp_reg[40]) is unused and will be removed from module PrinceCore__1.
WARNING: [Synth 8-3332] Sequential element (temp_reg[39]) is unused and will be removed from module PrinceCore__1.
WARNING: [Synth 8-3332] Sequential element (temp_reg[38]) is unused and will be removed from module PrinceCore__1.
WARNING: [Synth 8-3332] Sequential element (temp_reg[37]) is unused and will be removed from module PrinceCore__1.
WARNING: [Synth 8-3332] Sequential element (temp_reg[36]) is unused and will be removed from module PrinceCore__1.
WARNING: [Synth 8-3332] Sequential element (temp_reg[35]) is unused and will be removed from module PrinceCore__1.
WARNING: [Synth 8-3332] Sequential element (temp_reg[34]) is unused and will be removed from module PrinceCore__1.
WARNING: [Synth 8-3332] Sequential element (temp_reg[33]) is unused and will be removed from module PrinceCore__1.
WARNING: [Synth 8-3332] Sequential element (temp_reg[32]) is unused and will be removed from module PrinceCore__1.
WARNING: [Synth 8-3332] Sequential element (temp_reg[31]) is unused and will be removed from module PrinceCore__1.
WARNING: [Synth 8-3332] Sequential element (temp_reg[30]) is unused and will be removed from module PrinceCore__1.
WARNING: [Synth 8-3332] Sequential element (temp_reg[29]) is unused and will be removed from module PrinceCore__1.
WARNING: [Synth 8-3332] Sequential element (temp_reg[28]) is unused and will be removed from module PrinceCore__1.
WARNING: [Synth 8-3332] Sequential element (temp_reg[27]) is unused and will be removed from module PrinceCore__1.
WARNING: [Synth 8-3332] Sequential element (temp_reg[26]) is unused and will be removed from module PrinceCore__1.
WARNING: [Synth 8-3332] Sequential element (temp_reg[25]) is unused and will be removed from module PrinceCore__1.
WARNING: [Synth 8-3332] Sequential element (temp_reg[24]) is unused and will be removed from module PrinceCore__1.
WARNING: [Synth 8-3332] Sequential element (temp_reg[23]) is unused and will be removed from module PrinceCore__1.
WARNING: [Synth 8-3332] Sequential element (temp_reg[22]) is unused and will be removed from module PrinceCore__1.
WARNING: [Synth 8-3332] Sequential element (temp_reg[21]) is unused and will be removed from module PrinceCore__1.
WARNING: [Synth 8-3332] Sequential element (temp_reg[20]) is unused and will be removed from module PrinceCore__1.
WARNING: [Synth 8-3332] Sequential element (temp_reg[19]) is unused and will be removed from module PrinceCore__1.
WARNING: [Synth 8-3332] Sequential element (temp_reg[18]) is unused and will be removed from module PrinceCore__1.
WARNING: [Synth 8-3332] Sequential element (temp_reg[17]) is unused and will be removed from module PrinceCore__1.
WARNING: [Synth 8-3332] Sequential element (temp_reg[16]) is unused and will be removed from module PrinceCore__1.
WARNING: [Synth 8-3332] Sequential element (temp_reg[15]) is unused and will be removed from module PrinceCore__1.
WARNING: [Synth 8-3332] Sequential element (temp_reg[14]) is unused and will be removed from module PrinceCore__1.
WARNING: [Synth 8-3332] Sequential element (temp_reg[13]) is unused and will be removed from module PrinceCore__1.
WARNING: [Synth 8-3332] Sequential element (temp_reg[12]) is unused and will be removed from module PrinceCore__1.
WARNING: [Synth 8-3332] Sequential element (temp_reg[11]) is unused and will be removed from module PrinceCore__1.
WARNING: [Synth 8-3332] Sequential element (temp_reg[10]) is unused and will be removed from module PrinceCore__1.
WARNING: [Synth 8-3332] Sequential element (temp_reg[9]) is unused and will be removed from module PrinceCore__1.
WARNING: [Synth 8-3332] Sequential element (temp_reg[8]) is unused and will be removed from module PrinceCore__1.
WARNING: [Synth 8-3332] Sequential element (temp_reg[7]) is unused and will be removed from module PrinceCore__1.
WARNING: [Synth 8-3332] Sequential element (temp_reg[6]) is unused and will be removed from module PrinceCore__1.
WARNING: [Synth 8-3332] Sequential element (temp_reg[5]) is unused and will be removed from module PrinceCore__1.
WARNING: [Synth 8-3332] Sequential element (temp_reg[4]) is unused and will be removed from module PrinceCore__1.
WARNING: [Synth 8-3332] Sequential element (temp_reg[3]) is unused and will be removed from module PrinceCore__1.
WARNING: [Synth 8-3332] Sequential element (temp_reg[2]) is unused and will be removed from module PrinceCore__1.
WARNING: [Synth 8-3332] Sequential element (temp_reg[1]) is unused and will be removed from module PrinceCore__1.
WARNING: [Synth 8-3332] Sequential element (temp_reg[0]) is unused and will be removed from module PrinceCore__1.
WARNING: [Synth 8-3332] Sequential element (temp_reg[63]) is unused and will be removed from module PrinceCore.
WARNING: [Synth 8-3332] Sequential element (temp_reg[62]) is unused and will be removed from module PrinceCore.
WARNING: [Synth 8-3332] Sequential element (temp_reg[61]) is unused and will be removed from module PrinceCore.
WARNING: [Synth 8-3332] Sequential element (temp_reg[60]) is unused and will be removed from module PrinceCore.
WARNING: [Synth 8-3332] Sequential element (temp_reg[59]) is unused and will be removed from module PrinceCore.
WARNING: [Synth 8-3332] Sequential element (temp_reg[58]) is unused and will be removed from module PrinceCore.
WARNING: [Synth 8-3332] Sequential element (temp_reg[57]) is unused and will be removed from module PrinceCore.
WARNING: [Synth 8-3332] Sequential element (temp_reg[56]) is unused and will be removed from module PrinceCore.
WARNING: [Synth 8-3332] Sequential element (temp_reg[55]) is unused and will be removed from module PrinceCore.
WARNING: [Synth 8-3332] Sequential element (temp_reg[54]) is unused and will be removed from module PrinceCore.
WARNING: [Synth 8-3332] Sequential element (temp_reg[53]) is unused and will be removed from module PrinceCore.
WARNING: [Synth 8-3332] Sequential element (temp_reg[52]) is unused and will be removed from module PrinceCore.
WARNING: [Synth 8-3332] Sequential element (temp_reg[51]) is unused and will be removed from module PrinceCore.
WARNING: [Synth 8-3332] Sequential element (temp_reg[50]) is unused and will be removed from module PrinceCore.
WARNING: [Synth 8-3332] Sequential element (temp_reg[49]) is unused and will be removed from module PrinceCore.
WARNING: [Synth 8-3332] Sequential element (temp_reg[48]) is unused and will be removed from module PrinceCore.
WARNING: [Synth 8-3332] Sequential element (temp_reg[47]) is unused and will be removed from module PrinceCore.
WARNING: [Synth 8-3332] Sequential element (temp_reg[46]) is unused and will be removed from module PrinceCore.
WARNING: [Synth 8-3332] Sequential element (temp_reg[45]) is unused and will be removed from module PrinceCore.
WARNING: [Synth 8-3332] Sequential element (temp_reg[44]) is unused and will be removed from module PrinceCore.
WARNING: [Synth 8-3332] Sequential element (temp_reg[43]) is unused and will be removed from module PrinceCore.
WARNING: [Synth 8-3332] Sequential element (temp_reg[42]) is unused and will be removed from module PrinceCore.
WARNING: [Synth 8-3332] Sequential element (temp_reg[41]) is unused and will be removed from module PrinceCore.
WARNING: [Synth 8-3332] Sequential element (temp_reg[40]) is unused and will be removed from module PrinceCore.
WARNING: [Synth 8-3332] Sequential element (temp_reg[39]) is unused and will be removed from module PrinceCore.
WARNING: [Synth 8-3332] Sequential element (temp_reg[38]) is unused and will be removed from module PrinceCore.
WARNING: [Synth 8-3332] Sequential element (temp_reg[37]) is unused and will be removed from module PrinceCore.
WARNING: [Synth 8-3332] Sequential element (temp_reg[36]) is unused and will be removed from module PrinceCore.
WARNING: [Synth 8-3332] Sequential element (temp_reg[35]) is unused and will be removed from module PrinceCore.
WARNING: [Synth 8-3332] Sequential element (temp_reg[34]) is unused and will be removed from module PrinceCore.
WARNING: [Synth 8-3332] Sequential element (temp_reg[33]) is unused and will be removed from module PrinceCore.
WARNING: [Synth 8-3332] Sequential element (temp_reg[32]) is unused and will be removed from module PrinceCore.
WARNING: [Synth 8-3332] Sequential element (temp_reg[31]) is unused and will be removed from module PrinceCore.
WARNING: [Synth 8-3332] Sequential element (temp_reg[30]) is unused and will be removed from module PrinceCore.
WARNING: [Synth 8-3332] Sequential element (temp_reg[29]) is unused and will be removed from module PrinceCore.
WARNING: [Synth 8-3332] Sequential element (temp_reg[28]) is unused and will be removed from module PrinceCore.
INFO: [Common 17-14] Message 'Synth 8-3332' appears 100 times and further instances of the messages will be disabled. Use the Tcl command set_msg_config to change the current settings.
---------------------------------------------------------------------------------
Finished Cross Boundary and Area Optimization : Time (s): cpu = 00:00:21 ; elapsed = 00:00:31 . Memory (MB): peak = 1248.930 ; gain = 0.000
---------------------------------------------------------------------------------
No constraint files found.
---------------------------------------------------------------------------------
Start Timing Optimization
---------------------------------------------------------------------------------
---------------------------------------------------------------------------------
Finished Timing Optimization : Time (s): cpu = 00:00:21 ; elapsed = 00:00:31 . Memory (MB): peak = 1248.930 ; gain = 0.000
---------------------------------------------------------------------------------
---------------------------------------------------------------------------------
Start Technology Mapping
---------------------------------------------------------------------------------
---------------------------------------------------------------------------------
Finished Technology Mapping : Time (s): cpu = 00:00:22 ; elapsed = 00:00:32 . Memory (MB): peak = 1248.930 ; gain = 0.000
---------------------------------------------------------------------------------
---------------------------------------------------------------------------------
Start IO Insertion
---------------------------------------------------------------------------------
---------------------------------------------------------------------------------
Start Flattening Before IO Insertion
---------------------------------------------------------------------------------
---------------------------------------------------------------------------------
Finished Flattening Before IO Insertion
---------------------------------------------------------------------------------
---------------------------------------------------------------------------------
Start Final Netlist Cleanup
---------------------------------------------------------------------------------
---------------------------------------------------------------------------------
Finished Final Netlist Cleanup
---------------------------------------------------------------------------------
---------------------------------------------------------------------------------
Finished IO Insertion : Time (s): cpu = 00:00:28 ; elapsed = 00:00:38 . Memory (MB): peak = 1248.930 ; gain = 0.000
---------------------------------------------------------------------------------
---------------------------------------------------------------------------------
Start Renaming Generated Instances
---------------------------------------------------------------------------------
---------------------------------------------------------------------------------
Finished Renaming Generated Instances : Time (s): cpu = 00:00:28 ; elapsed = 00:00:38 . Memory (MB): peak = 1248.930 ; gain = 0.000
---------------------------------------------------------------------------------
---------------------------------------------------------------------------------
Start Rebuilding User Hierarchy
---------------------------------------------------------------------------------
---------------------------------------------------------------------------------
Finished Rebuilding User Hierarchy : Time (s): cpu = 00:00:28 ; elapsed = 00:00:38 . Memory (MB): peak = 1248.930 ; gain = 0.000
---------------------------------------------------------------------------------
---------------------------------------------------------------------------------
Start Renaming Generated Ports
---------------------------------------------------------------------------------
---------------------------------------------------------------------------------
Finished Renaming Generated Ports : Time (s): cpu = 00:00:28 ; elapsed = 00:00:38 . Memory (MB): peak = 1248.930 ; gain = 0.000
---------------------------------------------------------------------------------
---------------------------------------------------------------------------------
Start Handling Custom Attributes
---------------------------------------------------------------------------------
---------------------------------------------------------------------------------
Finished Handling Custom Attributes : Time (s): cpu = 00:00:28 ; elapsed = 00:00:38 . Memory (MB): peak = 1248.930 ; gain = 0.000
---------------------------------------------------------------------------------
---------------------------------------------------------------------------------
Start Renaming Generated Nets
---------------------------------------------------------------------------------
---------------------------------------------------------------------------------
Finished Renaming Generated Nets : Time (s): cpu = 00:00:28 ; elapsed = 00:00:38 . Memory (MB): peak = 1248.930 ; gain = 0.000
---------------------------------------------------------------------------------
---------------------------------------------------------------------------------
Start Writing Synthesis Report
---------------------------------------------------------------------------------

Report BlackBoxes: 
+-+--------------+----------+
| |BlackBox name |Instances |
+-+--------------+----------+
+-+--------------+----------+

Report Cell Usage: 
+------+------+------+
|      |Cell  |Count |
+------+------+------+
|1     |BUFG  |     3|
|2     |LUT1  |     2|
|3     |LUT2  |   194|
|4     |LUT3  |   385|
|5     |LUT4  |   423|
|6     |LUT5  |   248|
|7     |LUT6  |   484|
|8     |MUXF7 |    24|
|9     |FDRE  |   264|
|10    |LD    |   128|
|11    |LDC   |   288|
|12    |LDP   |    96|
|13    |IBUF  |   195|
|14    |OBUF  |    64|
+------+------+------+

Report Instance Areas: 
+------+-----------+--------------+------+
|      |Instance   |Module        |Cells |
+------+-----------+--------------+------+
|1     |top        |              |  2798|
|2     |  d1       |Decrypt       |  1237|
|3     |    pc1    |PrinceCore_46 |  1173|
|4     |      is1  |InvSbox_47    |    19|
|5     |      is10 |InvSbox_48    |    20|
|6     |      is11 |InvSbox_49    |    21|
|7     |      is12 |InvSbox_50    |    41|
|8     |      is13 |InvSbox_51    |    21|
|9     |      is14 |InvSbox_52    |    21|
|10    |      is15 |InvSbox_53    |    21|
|11    |      is16 |InvSbox_54    |    35|
|12    |      is17 |InvSbox_55    |    10|
|13    |      is18 |InvSbox_56    |    12|
|14    |      is19 |InvSbox_57    |    15|
|15    |      is2  |InvSbox_58    |    21|
|16    |      is20 |InvSbox_59    |    13|
|17    |      is21 |InvSbox_60    |    10|
|18    |      is22 |InvSbox_61    |    13|
|19    |      is23 |InvSbox_62    |    16|
|20    |      is24 |InvSbox_63    |    12|
|21    |      is25 |InvSbox_64    |    10|
|22    |      is26 |InvSbox_65    |    13|
|23    |      is27 |InvSbox_66    |    16|
|24    |      is28 |InvSbox_67    |    14|
|25    |      is3  |InvSbox_68    |    30|
|26    |      is30 |InvSbox_69    |    10|
|27    |      is31 |InvSbox_70    |    13|
|28    |      is32 |InvSbox_71    |    16|
|29    |      is33 |InvSbox_72    |    14|
|30    |      is4  |InvSbox_73    |    21|
|31    |      is5  |InvSbox_74    |    27|
|32    |      is6  |InvSbox_75    |    27|
|33    |      is7  |InvSbox_76    |    31|
|34    |      is8  |InvSbox_77    |    49|
|35    |      is9  |InvSbox_78    |    20|
|36    |      s1   |Sbox_79       |    18|
|37    |      s10  |Sbox_80       |    21|
|38    |      s11  |Sbox_81       |    20|
|39    |      s12  |Sbox_82       |    25|
|40    |      s13  |Sbox_83       |    20|
|41    |      s14  |Sbox_84       |    18|
|42    |      s15  |Sbox_85       |    19|
|43    |      s16  |Sbox_86       |    21|
|44    |      s2   |Sbox_87       |    15|
|45    |      s3   |Sbox_88       |    45|
|46    |      s4   |Sbox_89       |    21|
|47    |      s5   |Sbox_90       |    14|
|48    |      s6   |Sbox_91       |    16|
|49    |      s7   |Sbox_92       |    27|
|50    |      s8   |Sbox_93       |    25|
|51    |      s9   |Sbox_94       |    15|
|52    |  e1       |Encrypt       |  1299|
|53    |    pc1    |PrinceCore    |  1235|
|54    |      is1  |InvSbox       |    19|
|55    |      is10 |InvSbox_0     |    20|
|56    |      is11 |InvSbox_1     |    21|
|57    |      is12 |InvSbox_2     |    41|
|58    |      is13 |InvSbox_3     |    21|
|59    |      is14 |InvSbox_4     |    21|
|60    |      is15 |InvSbox_5     |    21|
|61    |      is16 |InvSbox_6     |    35|
|62    |      is17 |InvSbox_7     |    10|
|63    |      is18 |InvSbox_8     |    12|
|64    |      is19 |InvSbox_9     |    15|
|65    |      is2  |InvSbox_10    |    21|
|66    |      is20 |InvSbox_11    |    13|
|67    |      is21 |InvSbox_12    |    10|
|68    |      is22 |InvSbox_13    |    13|
|69    |      is23 |InvSbox_14    |    15|
|70    |      is24 |InvSbox_15    |    12|
|71    |      is25 |InvSbox_16    |    10|
|72    |      is26 |InvSbox_17    |    13|
|73    |      is27 |InvSbox_18    |    16|
|74    |      is28 |InvSbox_19    |    14|
|75    |      is3  |InvSbox_20    |    30|
|76    |      is30 |InvSbox_21    |    10|
|77    |      is31 |InvSbox_22    |    13|
|78    |      is32 |InvSbox_23    |    16|
|79    |      is33 |InvSbox_24    |    14|
|80    |      is4  |InvSbox_25    |    21|
|81    |      is5  |InvSbox_26    |    27|
|82    |      is6  |InvSbox_27    |    27|
|83    |      is7  |InvSbox_28    |    31|
|84    |      is8  |InvSbox_29    |    49|
|85    |      is9  |InvSbox_30    |    20|
|86    |      s1   |Sbox          |    18|
|87    |      s10  |Sbox_31       |    21|
|88    |      s11  |Sbox_32       |    20|
|89    |      s12  |Sbox_33       |    25|
|90    |      s13  |Sbox_34       |    20|
|91    |      s14  |Sbox_35       |    18|
|92    |      s15  |Sbox_36       |    19|
|93    |      s16  |Sbox_37       |    21|
|94    |      s2   |Sbox_38       |    15|
|95    |      s3   |Sbox_39       |    45|
|96    |      s4   |Sbox_40       |    21|
|97    |      s5   |Sbox_41       |    14|
|98    |      s6   |Sbox_42       |    16|
|99    |      s7   |Sbox_43       |    27|
|100   |      s8   |Sbox_44       |    24|
|101   |      s9   |Sbox_45       |    15|
+------+-----------+--------------+------+
---------------------------------------------------------------------------------
Finished Writing Synthesis Report : Time (s): cpu = 00:00:28 ; elapsed = 00:00:38 . Memory (MB): peak = 1248.930 ; gain = 0.000
---------------------------------------------------------------------------------
Synthesis finished with 0 errors, 0 critical warnings and 133 warnings.
Synthesis Optimization Runtime : Time (s): cpu = 00:00:28 ; elapsed = 00:00:38 . Memory (MB): peak = 1248.930 ; gain = 0.000
Synthesis Optimization Complete : Time (s): cpu = 00:00:28 ; elapsed = 00:00:38 . Memory (MB): peak = 1248.930 ; gain = 0.000
INFO: [Project 1-571] Translating synthesized netlist
Netlist sorting complete. Time (s): cpu = 00:00:00 ; elapsed = 00:00:00.046 . Memory (MB): peak = 1248.930 ; gain = 0.000
INFO: [Netlist 29-17] Analyzing 536 Unisim elements for replacement
INFO: [Netlist 29-28] Unisim Transformation completed in 1 CPU seconds
INFO: [Project 1-570] Preparing netlist for logic optimization
INFO: [Opt 31-138] Pushed 0 inverter(s) to 0 load pin(s).
Netlist sorting complete. Time (s): cpu = 00:00:00 ; elapsed = 00:00:00.001 . Memory (MB): peak = 1248.930 ; gain = 0.000
INFO: [Project 1-111] Unisim Transformation Summary:
  A total of 512 instances were transformed.
  LD => LDCE: 128 instances
  LDC => LDCE: 288 instances
  LDP => LDPE: 96 instances

Synth Design complete, checksum: e70cbfc7
INFO: [Common 17-83] Releasing license: Synthesis
34 Infos, 106 Warnings, 0 Critical Warnings and 0 Errors encountered.
synth_design completed successfully
synth_design: Time (s): cpu = 00:00:31 ; elapsed = 00:00:43 . Memory (MB): peak = 1248.930 ; gain = 0.000
INFO: [Common 17-1381] The checkpoint 'C:/Users/CSUFTitan/Downloads/PRINCE/PRINCE.runs/synth_1/TOP.dcp' has been generated.
INFO: [runtcl-4] Executing : report_utilization -file TOP_utilization_synth.rpt -pb TOP_utilization_synth.pb
INFO: [Common 17-206] Exiting Vivado at Sat Apr 30 22:31:18 2022...
